resolviendo dependencias...
buscando conflictos entre paquetes...

Paquete (2)              Versión antigua                      Versión nueva                        Diferencia neta

mesa-git/lib32-mesa-git  1:25.3.0_devel.209471.5ad4e6d3d1d-1  1:25.3.0_devel.209471.5ad4e6d3d1d-1         0,00 MiB
mesa-git/mesa-git        1:25.3.0_devel.209471.5ad4e6d3d1d-1  1:25.3.0_devel.209471.5ad4e6d3d1d-1         0,00 MiB

Tamaño total de la instalación:  82,16 MiB
Tamaño neto tras actualizar:      0,00 MiB

:: ¿Continuar con la instalación? [S/n] 
:: Obteniendo los paquetes...
 descargando lib32-mesa-git-1:25.3.0_devel.209471.5ad4e6d3d1d-1-x86_64...
 descargando mesa-git-1:25.3.0_devel.209471.5ad4e6d3d1d-1-x86_64...
comprobando el depósito de claves...
verificando la integridad de los paquetes...
cargando los archivos de los paquetes...
comprobando conflictos entre archivos...
comprobando el espacio disponible en el disco...
:: Procesando los cambios de los paquetes...
reinstalando mesa-git...
reinstalando lib32-mesa-git...
:: Ejecutando los «hooks» de posinstalación...
(1/1) Arming ConditionNeedsUpdate...
